Apr 14, 2014 4:56:57 PM server.utilities.LoggerWrapper log
INFO: Initialize server with zero quizzes/games
Apr 14, 2014 4:56:58 PM server.utilities.LoggerWrapper log
INFO: Server Started
Apr 14, 2014 4:57:10 PM server.utilities.LoggerWrapper log
FINE: Quiz "fnwen" created.
Apr 14, 2014 4:57:25 PM server.utilities.LoggerWrapper log
FINE: Question added to quiz: "fnwen"
Apr 14, 2014 4:57:28 PM server.utilities.LoggerWrapper log
FINE: Answer added to quiz: "fnwen"
Apr 14, 2014 4:57:29 PM server.utilities.LoggerWrapper log
FINE: Answer added to quiz: "fnwen"
Apr 14, 2014 4:57:30 PM server.utilities.LoggerWrapper log
FINE: Answer added to quiz: "fnwen"
Apr 14, 2014 4:57:32 PM server.utilities.LoggerWrapper log
FINE: Answer added to quiz: "fnwen"
Apr 14, 2014 4:58:20 PM server.utilities.LoggerWrapper log
FINE: Answer set correct for Quiz: "fnwen"
Apr 14, 2014 4:58:30 PM server.utilities.LoggerWrapper log
FINE: Quiz "fnwen" set ACTIVE
Apr 14, 2014 4:58:35 PM server.utilities.LoggerWrapper log
FINE: Quiz "fnwen" set INACTIVE
Apr 14, 2014 4:58:41 PM server.utilities.LoggerWrapper log
FINE: Quiz "fnwen" set ACTIVE
Apr 14, 2014 4:58:47 PM server.utilities.LoggerWrapper log
INFO: Server Shutdown
Apr 19, 2014 1:51:54 PM server.utilities.LoggerWrapper log
FINE: Loading data from file: serverData.txt
Apr 19, 2014 1:51:54 PM server.utilities.LoggerWrapper log
INFO: Server Started
Apr 19, 2014 1:52:11 PM server.utilities.LoggerWrapper log
INFO: Server Shutdown
Apr 19, 2014 2:23:06 PM server.utilities.LoggerWrapper log
FINE: Loading data from file: serverData.txt
Apr 19, 2014 2:23:06 PM server.utilities.LoggerWrapper log
INFO: Server Started
